<?xml version="1.0" encoding="UTF-8"?>
<Site BuildName="Linux-g++"
	BuildStamp="20241211-1246-Experimental"
	Name="ubuntu-desktop"
	Generator="ctest-3.28.3"
	CompilerName="/usr/bin/g++"
	CompilerVersion="13.2.0"
	OSName="Linux"
	Hostname="ubuntu-desktop"
	OSRelease="6.8.0-50-generic"
	OSVersion="#51-Ubuntu SMP PREEMPT_DYNAMIC Sat Nov  9 17:58:29 UTC 2024"
	OSPlatform="x86_64"
	Is64Bits="1"
	VendorString="GenuineIntel"
	VendorID="Intel Corporation"
	FamilyID="6"
	ModelID="134"
	ProcessorCacheSize="16384"
	NumberOfLogicalCPU="8"
	NumberOfPhysicalCPU="2"
	TotalVirtualMemory="4095"
	TotalPhysicalMemory="15986"
	LogicalProcessorsPerPhysical="4"
	ProcessorClockFrequency="2904"
	>
	<Testing>
		<StartDateTime>Dec 11 09:47 -03</StartDateTime>
		<StartTestTime>1733921269</StartTestTime>
		<TestList/>
		<EndDateTime>Dec 11 09:47 -03</EndDateTime>
		<EndTestTime>1733921269</EndTestTime>
		<ElapsedMinutes>0</ElapsedMinutes>
	</Testing>
</Site>
