<?xml version="1.0" encoding="UTF-8"?>
<Site BuildName="Linux-g++"
	BuildStamp="20240923-1220-Experimental"
	Name="debian"
	Generator="ctest-3.25.1"
	CompilerName="/usr/bin/g++"
	CompilerVersion="12.2.0"
	OSName="Linux"
	Hostname="debian"
	OSRelease="6.1.0-25-amd64"
	OSVersion="#1 SMP PREEMPT_DYNAMIC Debian 6.1.106-3 (2024-08-26)"
	OSPlatform="x86_64"
	Is64Bits="1"
	VendorString="GenuineIntel"
	VendorID="Intel Corporation"
	FamilyID="6"
	ModelID="158"
	ProcessorCacheSize="12288"
	NumberOfLogicalCPU="8"
	NumberOfPhysicalCPU="2"
	TotalVirtualMemory="976"
	TotalPhysicalMemory="7934"
	LogicalProcessorsPerPhysical="4"
	ProcessorClockFrequency="791.999"
	>
	<Testing>
		<StartDateTime>Sep 23 08:20 EDT</StartDateTime>
		<StartTestTime>1727094015</StartTestTime>
		<TestList/>
		<EndDateTime>Sep 23 08:20 EDT</EndDateTime>
		<EndTestTime>1727094015</EndTestTime>
		<ElapsedMinutes>0</ElapsedMinutes>
	</Testing>
</Site>
