<?xml version="1.0" encoding="UTF-8"?>
<Site BuildName="Linux-g++"
	BuildStamp="20250904-1118-Experimental"
	Name="ubuntu-desktop"
	Generator="ctest-3.28.3"
	CompilerName="/usr/bin/g++"
	CompilerVersion="13.3.0"
	OSName="Linux"
	Hostname="ubuntu-desktop"
	OSRelease="6.14.0-29-generic"
	OSVersion="#29~24.04.1-Ubuntu SMP PREEMPT_DYNAMIC Thu Aug 14 16:52:50 UTC 2"
	OSPlatform="x86_64"
	Is64Bits="1"
	VendorString="GenuineIntel"
	VendorID="Intel Corporation"
	FamilyID="6"
	ModelID="134"
	ProcessorCacheSize="16384"
	NumberOfLogicalCPU="8"
	NumberOfPhysicalCPU="2"
	TotalVirtualMemory="4095"
	TotalPhysicalMemory="15986"
	LogicalProcessorsPerPhysical="4"
	ProcessorClockFrequency="2904"
	>
	<Testing>
		<StartDateTime>Sep 04 15:25 -03</StartDateTime>
		<StartTestTime>1757010353</StartTestTime>
		<TestList/>
		<EndDateTime>Sep 04 15:25 -03</EndDateTime>
		<EndTestTime>1757010353</EndTestTime>
		<ElapsedMinutes>0</ElapsedMinutes>
	</Testing>
</Site>
