<?xml version="1.0" encoding="UTF-8"?>
<Site BuildName="Linux-g++"
	BuildStamp="20250815-1751-Experimental"
	Name="ubuntu-desktop"
	Generator="ctest-3.28.3"
	CompilerName="/usr/bin/g++"
	CompilerVersion="13.3.0"
	OSName="Linux"
	Hostname="ubuntu-desktop"
	OSRelease="6.14.0-24-generic"
	OSVersion="#24~24.04.3-Ubuntu SMP PREEMPT_DYNAMIC Mon Jul  7 16:39:17 UTC 2"
	OSPlatform="x86_64"
	Is64Bits="1"
	VendorString="GenuineIntel"
	VendorID="Intel Corporation"
	FamilyID="6"
	ModelID="134"
	ProcessorCacheSize="16384"
	NumberOfLogicalCPU="8"
	NumberOfPhysicalCPU="2"
	TotalVirtualMemory="4095"
	TotalPhysicalMemory="15986"
	LogicalProcessorsPerPhysical="4"
	ProcessorClockFrequency="2904"
	>
	<Testing>
		<StartDateTime>Aug 15 18:14 -03</StartDateTime>
		<StartTestTime>1755292466</StartTestTime>
		<TestList/>
		<EndDateTime>Aug 15 18:14 -03</EndDateTime>
		<EndTestTime>1755292466</EndTestTime>
		<ElapsedMinutes>0</ElapsedMinutes>
	</Testing>
</Site>
