<?xml version="1.0" encoding="UTF-8"?>
<Site BuildName="Linux-g++"
	BuildStamp="20240827-1221-Experimental"
	Name="debian"
	Generator="ctest-3.25.1"
	CompilerName="/usr/bin/g++"
	CompilerVersion="12.2.0"
	OSName="Linux"
	Hostname="debian"
	OSRelease="6.1.0-23-amd64"
	OSVersion="#1 SMP PREEMPT_DYNAMIC Debian 6.1.99-1 (2024-07-15)"
	OSPlatform="x86_64"
	Is64Bits="1"
	VendorString="GenuineIntel"
	VendorID="Intel Corporation"
	FamilyID="6"
	ModelID="158"
	ProcessorCacheSize="12288"
	NumberOfLogicalCPU="8"
	NumberOfPhysicalCPU="2"
	TotalVirtualMemory="976"
	TotalPhysicalMemory="7934"
	LogicalProcessorsPerPhysical="4"
	ProcessorClockFrequency="1992"
	>
	<Testing>
		<StartDateTime>Aug 27 08:21 EDT</StartDateTime>
		<StartTestTime>1724761308</StartTestTime>
		<TestList/>
		<EndDateTime>Aug 27 08:21 EDT</EndDateTime>
		<EndTestTime>1724761308</EndTestTime>
		<ElapsedMinutes>0</ElapsedMinutes>
	</Testing>
</Site>
