<?xml version="1.0" encoding="UTF-8"?>
<Site BuildName="Linux-g++"
	BuildStamp="20241013-1710-Experimental"
	Name="ubuntu-desktop"
	Generator="ctest-3.28.3"
	CompilerName="/usr/bin/g++"
	CompilerVersion="13.2.0"
	OSName="Linux"
	Hostname="ubuntu-desktop"
	OSRelease="6.8.0-45-generic"
	OSVersion="#45-Ubuntu SMP PREEMPT_DYNAMIC Fri Aug 30 12:02:04 UTC 2024"
	OSPlatform="x86_64"
	Is64Bits="1"
	VendorString="GenuineIntel"
	VendorID="Intel Corporation"
	FamilyID="6"
	ModelID="134"
	ProcessorCacheSize="16384"
	NumberOfLogicalCPU="8"
	NumberOfPhysicalCPU="2"
	TotalVirtualMemory="4095"
	TotalPhysicalMemory="15986"
	LogicalProcessorsPerPhysical="4"
	ProcessorClockFrequency="2904"
	>
	<Testing>
		<StartDateTime>Oct 13 16:15 -03</StartDateTime>
		<StartTestTime>1728846925</StartTestTime>
		<TestList/>
		<EndDateTime>Oct 13 16:15 -03</EndDateTime>
		<EndTestTime>1728846925</EndTestTime>
		<ElapsedMinutes>0</ElapsedMinutes>
	</Testing>
</Site>
