<?xml version="1.0" encoding="UTF-8"?>
<Site BuildName="Linux-g++"
	BuildStamp="20250621-1220-Experimental"
	Name="ubuntu-desktop"
	Generator="ctest-3.28.3"
	CompilerName="/usr/bin/g++"
	CompilerVersion="13.3.0"
	OSName="Linux"
	Hostname="ubuntu-desktop"
	OSRelease="6.11.0-26-generic"
	OSVersion="#26~24.04.1-Ubuntu SMP PREEMPT_DYNAMIC Thu Apr 17 19:20:47 UTC 2"
	OSPlatform="x86_64"
	Is64Bits="1"
	VendorString="GenuineIntel"
	VendorID="Intel Corporation"
	FamilyID="6"
	ModelID="134"
	ProcessorCacheSize="16384"
	NumberOfLogicalCPU="8"
	NumberOfPhysicalCPU="2"
	TotalVirtualMemory="4095"
	TotalPhysicalMemory="15985"
	LogicalProcessorsPerPhysical="4"
	ProcessorClockFrequency="2904"
	>
	<Testing>
		<StartDateTime>Jun 21 10:07 -03</StartDateTime>
		<StartTestTime>1750511221</StartTestTime>
		<TestList/>
		<EndDateTime>Jun 21 10:07 -03</EndDateTime>
		<EndTestTime>1750511221</EndTestTime>
		<ElapsedMinutes>0</ElapsedMinutes>
	</Testing>
</Site>
